number,value,params_w_neo4j,params_w_semantique,state
314,0.9670414229075699,0.4354489577356934,0.4679953526989361,COMPLETE
315,0.967187077699881,0.37111931737233494,0.7682707308674663,COMPLETE
316,0.9673204327145172,0.4855424116661985,0.7939056897165289,COMPLETE
317,0.967187077699881,0.41380576073798764,0.8639268842518231,COMPLETE
318,0.967187077699881,0.38963738910704504,0.8124202223159505,COMPLETE
319,0.967260351163837,0.4480135721141191,0.7119907504402284,COMPLETE
320,0.9671798495288934,0.3539797095666488,0.8415177626108055,COMPLETE
321,0.9673040625149589,0.4245338004092407,0.7888660406200269,COMPLETE
322,0.9673040625149589,0.40877713769910773,0.7453220552044426,COMPLETE
323,0.967260351163837,0.47228117314306894,0.6792106490366637,COMPLETE
324,0.9672102335439694,0.4384898256968882,0.8773091906789249,COMPLETE
325,0.967187077699881,0.38436483411201605,0.8246148652380811,COMPLETE
326,0.9672102335439694,0.4590981553997603,0.927139417530737,COMPLETE
327,0.9673916018969144,0.40288599655074087,0.7737793579339051,COMPLETE
328,0.9674566740230681,0.40146328636062534,0.7667921658556337,COMPLETE
329,0.967187077699881,0.3651469314221002,0.767331741698911,COMPLETE
330,0.9672102335439694,0.3965662918967216,0.7808750398428683,COMPLETE
331,0.9672102335439694,0.3803187935600544,0.7582456408009104,COMPLETE
332,0.9673916018969144,0.4177655487376472,0.8029420805561837,COMPLETE
333,0.9673040625149589,0.4251523242017081,0.797041635031841,COMPLETE
334,0.9671946632883501,0.32894055410624784,0.7661156296244769,COMPLETE
335,0.9673040625149589,0.4220431869476446,0.7857586782176653,COMPLETE
336,0.9672102335439694,0.4079487578691743,0.8124824887352646,COMPLETE
337,0.9673204327145172,0.481737251122689,0.8062872725280805,COMPLETE
338,0.9674281470672251,0.40102447708518557,0.779847870832526,COMPLETE
339,0.9671946632883501,0.3491631646036633,0.7711150254579695,COMPLETE
340,0.9673916018969144,0.3921897469417989,0.755073714580322,COMPLETE
341,0.967187077699881,0.36670693415210653,0.7819534031010192,COMPLETE
342,0.9671946632883501,0.445046972905971,0.9642224057725426,COMPLETE
343,0.967187077699881,0.39888079251034925,0.8353546306339739,COMPLETE
344,0.9673204327145172,0.46081973079657296,0.7370376884824053,COMPLETE
345,0.9673040625149589,0.4347748541573521,0.7817895938057794,COMPLETE
346,0.9671946632883501,0.3761067423867667,0.8245715206131988,COMPLETE
347,0.9672102335439694,0.4043567843521074,0.7980903164899059,COMPLETE
348,0.9673040625149589,0.4850745839683053,0.846615035817228,COMPLETE
349,0.9673040625149589,0.436141292223271,0.7536800511432767,COMPLETE
350,0.9673916018969144,0.456957305766869,0.882376937720575,COMPLETE
351,0.9671946632883501,0.3879042135908699,0.8583329386550311,COMPLETE
352,0.9674281470672251,0.4172084229544427,0.8191160566451986,COMPLETE
353,0.9673040625149589,0.4298964375228168,0.8189900840397977,COMPLETE
354,0.9673040625149589,0.44406166605484243,0.8360311861370133,COMPLETE
355,0.967187077699881,0.4735145051571499,0.9841829305460819,COMPLETE
356,0.967187077699881,0.41754953476853574,0.8543613296011714,COMPLETE
357,0.967187077699881,0.45733056344142997,0.9413568901391568,COMPLETE
358,0.9673204327145172,0.49946915537056336,0.8075571079269901,COMPLETE
359,0.9671946632883501,0.41465296876561325,0.9130772730019565,COMPLETE
360,0.9671946632883501,0.37730883665134907,0.8269901988356507,COMPLETE
361,0.967187077699881,0.43703176705731805,0.8939040239861291,COMPLETE
362,0.9671946632883501,0.34771172804282646,0.7947190987223561,COMPLETE
363,0.967187077699881,0.395157504022483,0.8166171837928932,COMPLETE
364,0.9673040625149589,0.4708217584201357,0.856443475169984,COMPLETE
365,0.9673040625149589,0.42275986100840246,0.7902820814438569,COMPLETE
366,0.9673040625149589,0.4469885483092702,0.8379659018014771,COMPLETE
367,0.967187077699881,0.4066005907083268,0.872432574630362,COMPLETE
368,0.9671946632883501,0.37534834511739973,0.8080456172125647,COMPLETE
369,0.9673040625149589,0.4328920833726048,0.7653131833092892,COMPLETE
370,0.9673204327145172,0.4670001165816652,0.7877286862602602,COMPLETE
371,0.9673204327145172,0.4905517752175432,0.8254845741739825,COMPLETE
372,0.9671798495288934,0.4031622838694281,0.9612997302481399,COMPLETE
373,0.967187077699881,0.4489126893278058,0.9312221533916687,COMPLETE
374,0.9672102335439694,0.42104776358254625,0.845468518187757,COMPLETE
375,0.9670414229075699,0.8489687661608173,0.7414915759108269,COMPLETE
376,0.9671798495288934,0.3605581851237291,0.8919095299775968,COMPLETE
377,0.967187077699881,0.38913601153265287,0.8106218255020393,COMPLETE
378,0.9673040625149589,0.42890920845191866,0.7828854329008009,COMPLETE
379,0.9670414229075699,0.4549406898606594,0.31337514785716236,COMPLETE
380,0.967260351163837,0.5054442699703429,0.7720978127750139,COMPLETE
381,0.967187077699881,0.40852532395960317,0.8641842386331189,COMPLETE
382,0.9673204327145172,0.47783963004066815,0.8000673531185468,COMPLETE
383,0.9671946632883501,0.3902806456851641,0.9112620120905535,COMPLETE
384,0.9673040625149589,0.4421055353932313,0.8258757032584558,COMPLETE
385,0.9673040625149589,0.4157542289486042,0.7542320249991713,COMPLETE
386,0.9671946632883501,0.3750524566469461,0.8445388121768598,COMPLETE
387,0.967187077699881,0.46504168421610875,0.9467410210458382,COMPLETE
388,0.9673040625149589,0.4321478139552351,0.8072282696293116,COMPLETE
389,0.9671946632883501,0.40061468087679253,0.8883473542768632,COMPLETE
390,0.9673040625149589,0.45227013620732737,0.7867261018305193,COMPLETE
391,0.9673040625149589,0.4860536326873973,0.8320835380526433,COMPLETE
392,0.9673040625149589,0.42090391682301653,0.7717348044855177,COMPLETE
393,0.9671798495288934,0.3564656324874431,0.8641903032043475,COMPLETE
394,0.967187077699881,0.39260275720510407,0.8126584160972958,COMPLETE
395,0.9673040625149589,0.433736704940801,0.79517731359962,COMPLETE
396,0.9671946632883501,0.4097225047728322,0.9227664825019292,COMPLETE
397,0.9673204327145172,0.45421795909388163,0.7407151923035797,COMPLETE
398,0.9671700890779117,0.30935191401741363,0.8377565923939263,COMPLETE
399,0.9673204327145172,0.4737703920506893,0.7599210380527457,COMPLETE
400,0.967187077699881,0.3813223338754617,0.8176651745584445,COMPLETE
401,0.9673040625149589,0.5076576309876805,0.8799423025648418,COMPLETE
402,0.9673040625149589,0.42357559114858595,0.7933846627284616,COMPLETE
403,0.9674566740230681,0.44400085170463477,0.8496295058245262,COMPLETE
404,0.9673040625149589,0.4083046030400108,0.7679974245682353,COMPLETE
405,0.9671946632883501,0.36877787650243277,0.8241235418537155,COMPLETE
406,0.967187077699881,0.44522711145670113,0.9099374949488014,COMPLETE
407,0.9671798495288934,0.33878564649706727,0.8025226882751884,COMPLETE
408,0.9672102335439694,0.39237443067889266,0.7754676329948825,COMPLETE
409,0.967187077699881,0.4659047044740259,0.9478759696211966,COMPLETE
410,0.9673040625149589,0.48734555363704457,0.8570568808820592,COMPLETE
411,0.9674566740230681,0.43110866436572237,0.8240930430978711,COMPLETE
412,0.9673040625149589,0.4172608200388599,0.7902912729695075,COMPLETE
413,0.967187077699881,0.39717847944158313,0.820794780222594,COMPLETE
414,0.9673040625149589,0.4236094912429418,0.7452171712553353,COMPLETE
415,0.9673040625149589,0.4616121500540507,0.8058610349258875,COMPLETE
416,0.9671700890779117,0.37286932750596813,0.9764863600495756,COMPLETE
417,0.9673040625149589,0.40852076796870873,0.7783521143888876,COMPLETE
418,0.9674566740230681,0.43725580412483267,0.8380642052538851,COMPLETE
419,0.9673040625149589,0.44183337413261164,0.8363776885415114,COMPLETE
420,0.9673040625149589,0.48891139823014135,0.8713857122539256,COMPLETE
421,0.9673040625149589,0.4688377441822622,0.8315565817676879,COMPLETE
422,0.967187077699881,0.4338915803418838,0.8955122788811999,COMPLETE
423,0.967187077699881,0.45348194900956973,0.9254719075383815,COMPLETE
424,0.9671946632883501,0.38831805941286013,0.8450369998046694,COMPLETE
425,0.9673040625149589,0.43101645390395044,0.8178100751659612,COMPLETE
426,0.967260351163837,0.5037620034370907,0.7249478473620128,COMPLETE
427,0.9671946632883501,0.4022549968909819,0.8664835454439478,COMPLETE
428,0.9673040625149589,0.4500778163052855,0.7869738348252138,COMPLETE
429,0.967260351163837,0.4774879583105353,0.7600700703206301,COMPLETE
430,0.9671946632883501,0.42735587172603307,0.9953065756107689,COMPLETE
431,0.9671946632883501,0.3608647516569931,0.8207617589066113,COMPLETE
432,0.967260351163837,0.516783841161445,0.802617800996225,COMPLETE
433,0.967187077699881,0.40950136952525196,0.8442273740595045,COMPLETE
434,0.967187077699881,0.46249705882646036,0.9530566061423869,COMPLETE
435,0.967187077699881,0.38217905440614114,0.7802168704962101,COMPLETE
436,0.9505533164102268,0.007839071690844579,0.8812406824150166,COMPLETE
437,0.967187077699881,0.4352724311796887,0.9062207913606872,COMPLETE
438,0.9672102335439694,0.41399689089902225,0.8235563327657065,COMPLETE
439,0.9670414229075699,0.7712819831981089,0.8017021479556665,COMPLETE
440,0.9664864708057366,0.2477664315807413,0.8526678757579533,COMPLETE
441,0.9673040625149589,0.3941414790412372,0.7455802048082731,COMPLETE
442,0.9673040625149589,0.44397243748359294,0.766193885663624,COMPLETE
443,0.9673040625149589,0.48806123158584225,0.8345728703822213,COMPLETE
444,0.9549837371812662,0.0362622737039891,0.809385366847266,COMPLETE
445,0.9671946632883501,0.42569120279233397,0.9376459717822527,COMPLETE
446,0.9673040625149589,0.4582484031410065,0.7890677066521513,COMPLETE
447,0.9671946632883501,0.3715431926773538,0.8692913450829691,COMPLETE
448,0.9671798495288934,0.3460603975306009,0.8290097670193112,COMPLETE
449,0.9638899768497072,0.2092523312931014,0.7649181872389288,COMPLETE
450,0.9671946632883501,0.3976432061832478,0.8953459068900805,COMPLETE
451,0.9673040625149589,0.4226840841345648,0.799415540330444,COMPLETE
452,0.9670414229075699,0.9796473752923466,0.8467216445339004,COMPLETE
453,0.967187077699881,0.4742769500155243,0.9658565601108741,COMPLETE
454,0.9670414229075699,0.44687450231143677,0.1434386892849422,COMPLETE
455,0.9673040625149589,0.4081288287091305,0.7302220025982062,COMPLETE
456,0.967187077699881,0.383786793545343,0.8152510851681446,COMPLETE
457,0.967187077699881,0.44693781869632526,0.924499609437144,COMPLETE
458,0.9673040625149589,0.4246846625446491,0.7811980163196904,COMPLETE
459,0.9673204327145172,0.490310884200293,0.8308485539483756,COMPLETE
460,0.9670414229075699,0.4617274406855445,0.24625479570390335,COMPLETE
461,0.9673040625149589,0.4005544566743417,0.7553926471624333,COMPLETE
462,0.9672102335439694,0.4266897043613506,0.8577292871156956,COMPLETE
463,0.967260351163837,0.5193333133747026,0.8053298252649762,COMPLETE
464,0.967187077699881,0.36166412394436487,0.7765373173056778,COMPLETE
465,0.9672102335439694,0.4406116471907092,0.8853753758054989,COMPLETE
466,0.9671798495288934,0.32700081410962234,0.7924463584482693,COMPLETE
467,0.9672102335439694,0.40616541426880653,0.8200937637497591,COMPLETE
468,0.9671798495288934,0.37881598000602507,0.9105896799436115,COMPLETE
469,0.9673040625149589,0.47213044709358365,0.8422314333595599,COMPLETE
470,0.9673916018969144,0.4212152608030468,0.8116906904007011,COMPLETE
471,0.9674566740230681,0.4531873735145638,0.8661457164554973,COMPLETE
472,0.9673040625149589,0.49723642472690394,0.8821508637887929,COMPLETE
473,0.9673040625149589,0.4720743558796467,0.8650195325795799,COMPLETE
474,0.9672102335439694,0.4549608335837395,0.904090777433849,COMPLETE
475,0.9674281470672251,0.44468169811883357,0.8709033140224052,COMPLETE
476,0.9672102335439694,0.43874408080308264,0.8660169541740476,COMPLETE
477,0.9674281470672251,0.43502754816252576,0.8546778539812444,COMPLETE
478,0.9672102335439694,0.4497587617174723,0.8929512676434626,COMPLETE
479,0.9671946632883501,0.3948333495728356,0.884704968019958,COMPLETE
480,0.9670414229075699,0.43641761748336977,0.3804221022074288,COMPLETE
481,0.967187077699881,0.4177338872008823,0.865824352262067,COMPLETE
482,0.9673040625149589,0.4653638594488444,0.8558433456121959,COMPLETE
483,0.9673040625149589,0.4483391907333484,0.8504752911104313,COMPLETE
484,0.9671946632883501,0.4018417175518613,0.8742554172536551,COMPLETE
485,0.9671946632883501,0.37623690140098914,0.8429694424618518,COMPLETE
486,0.9672102335439694,0.4149991903620917,0.8380040968694357,COMPLETE
487,0.9626976979789298,0.12048610683389938,0.872030605989814,COMPLETE
488,0.9673040625149589,0.4319436851911719,0.7466281361671704,COMPLETE
489,0.9673040625149589,0.4822191819390584,0.837927140161053,COMPLETE
490,0.9670414229075699,0.3902638999521931,0.03638049111210462,COMPLETE
491,0.9673040625149589,0.4572056389816899,0.8585939650256107,COMPLETE
492,0.9671608860685206,0.356330639986542,0.8911755528196585,COMPLETE
493,0.9673040625149589,0.4154353603404804,0.7901690580096317,COMPLETE
494,0.9673040625149589,0.44176075050987107,0.7622736095129599,COMPLETE
495,0.967187077699881,0.39329308173519323,0.8304359861100831,COMPLETE
496,0.9673040625149589,0.49995037193194564,0.851538360072133,COMPLETE
497,0.9673040625149589,0.4323761647030635,0.7750983493918708,COMPLETE
498,0.967260351163837,0.46640025859681056,0.735158909929321,COMPLETE
499,0.9672102335439694,0.41585908906192887,0.8196261652241487,COMPLETE
