number,value,params_w_neo4j,params_w_semantique,state
0,0.8704190447466179,0.9507635921035062,0.37516557872851514,COMPLETE
1,0.8704190447466179,0.5990598257128396,0.7322619478695936,COMPLETE
2,0.8704190447466179,0.15683852581586644,0.1568626218019941,COMPLETE
3,0.8704190447466179,0.8663099696291603,0.05902552855603126,COMPLETE
4,0.8704190447466179,0.7083645052182495,0.6015138967314656,COMPLETE
5,0.8704190447466179,0.9699399423098324,0.021563909801506645,COMPLETE
6,0.8685275403626767,0.21312677156759788,0.8326101981596213,COMPLETE
7,0.8704190447466179,0.18422110534358038,0.18264314223989353,COMPLETE
8,0.8704190447466179,0.5252316752006057,0.3049380007165782,COMPLETE
9,0.8704190447466179,0.2919379110578439,0.43251307362347363,COMPLETE
10,0.9031797424378868,0.006991185772861619,0.9515809709040819,COMPLETE
11,0.8995374333829058,0.014976884157507427,0.9695675736770779,COMPLETE
12,0.8970186209384794,0.03101630099134629,0.9901050411052026,COMPLETE
13,0.9027890582039276,0.006813043207951856,0.9871150084176239,COMPLETE
14,0.8706364092128142,0.3802246391768035,0.80543039607284,COMPLETE
15,0.9027890582039276,0.005640081871460975,0.8952259626613156,COMPLETE
16,0.86960839205641,0.11810203374473713,0.6591509433802644,COMPLETE
17,0.8706949739484713,0.3189679638746833,0.5862521272617195,COMPLETE
18,0.8706364092128142,0.4129630494260741,0.8934654164855248,COMPLETE
19,0.8754531513653891,0.08991872018262184,0.7389024510057344,COMPLETE
20,0.8685173781353935,0.24156712956340942,0.981803274659356,COMPLETE
21,0.8981845257866004,0.020531381036482648,0.8933856041629626,COMPLETE
22,0.8765296440060095,0.09855000343935989,0.8646703958102291,COMPLETE
23,0.9015732500735968,0.00881852291839703,0.7721576541764332,COMPLETE
24,0.8727863940258288,0.12311165399757627,0.9160127813039177,COMPLETE
25,0.8796702893749402,0.08143508672052992,0.99936307620291,COMPLETE
26,0.8689425527207046,0.2369911319508773,0.6984663832268085,COMPLETE
27,0.8691938647181575,0.16037136740854052,0.8269687333138469,COMPLETE
28,0.8797372249913611,0.06998780657049414,0.9207529218288031,COMPLETE
29,0.9039558595559908,0.0023340878654751727,0.5873190689713554,COMPLETE
30,0.8707735282858061,0.29009599692159616,0.4933068772170429,COMPLETE
31,0.8765296440060095,0.06107626444283898,0.5349120645260149,COMPLETE
32,0.8970865154952378,0.009965634640230828,0.3215293284411975,COMPLETE
33,0.8687784413934867,0.1464034010916514,0.6583385842919741,COMPLETE
34,0.8691938647181575,0.1778639045079099,0.9376235982066563,COMPLETE
35,0.8704190447466179,0.8630643945313994,0.7712873880463416,COMPLETE
36,0.8796804066786571,0.07123919910261299,0.8480085676344515,COMPLETE
37,0.8980729600262652,0.004152632860809705,0.20494916068557262,COMPLETE
38,0.8690592910831951,0.12817807356717323,0.6905550816352863,COMPLETE
39,0.8704190447466179,0.20609196034918803,0.10222897301044043,COMPLETE
40,0.8797372249913611,0.05967141962379467,0.7906988847360192,COMPLETE
41,0.9039642458565967,0.003794781506106459,0.9387622587780878,COMPLETE
42,0.8857386006792106,0.05484884788046433,0.9421213263093349,COMPLETE
43,0.9033990565327926,0.004266028823567381,0.8722705364671467,COMPLETE
44,0.8699900392597832,0.12291065046428563,0.8607017327404655,COMPLETE
45,0.8704190447466179,0.6715657303832017,0.39304165219875065,COMPLETE
46,0.8873675755133,0.04345973916446122,0.9511612583568364,COMPLETE
47,0.8688326391196273,0.1706068941062333,0.5766275102179316,COMPLETE
48,0.8727863940258288,0.0990721443343659,0.7370108000452563,COMPLETE
49,0.8795337852722169,0.039904263715413404,0.4632082564554128,COMPLETE
50,0.9059751791160864,0.002158962600819812,0.8726685643792238,COMPLETE
51,0.9031797424378868,0.006636489955700853,0.8708004014581734,COMPLETE
52,0.8847552592759031,0.04871499269896804,0.8206905368686483,COMPLETE
53,0.8765296440060095,0.09466277111071429,0.8685371773905117,COMPLETE
54,0.8699991354355842,0.1381283540367767,0.8909309331803986,COMPLETE
55,0.9040014474324144,0.0016811427270581481,0.6268909740338404,COMPLETE
56,0.8776049402693888,0.04291566882196669,0.6200265273775313,COMPLETE
57,0.8698801111607974,0.20631836809705217,0.5178352126488528,COMPLETE
58,0.8700707641251653,0.09441286003213378,0.6448171270263561,COMPLETE
59,0.9059310083198076,0.0010942786915125646,0.6977583025696726,COMPLETE
60,0.8857480501721081,0.0390051052123284,0.7032637495949795,COMPLETE
61,0.9059310083198076,0.0011343824975494476,0.5421705634822088,COMPLETE
62,0.9033990565327926,0.0026780289777497855,0.5512124395340721,COMPLETE
63,0.8727863940258288,0.08275033120702938,0.6243627249636792,COMPLETE
64,0.8774235268845861,0.04257054957638201,0.5801525968520276,COMPLETE
65,0.8704190447466179,0.49890155583970525,0.4360561650272915,COMPLETE
66,0.8688416385072146,0.11462638036690262,0.49078499609891335,COMPLETE
67,0.8689276760992751,0.15549541426839175,0.683408089149936,COMPLETE
68,0.8912877012363185,0.03008919684897126,0.7578316155756156,COMPLETE
69,0.8754531513653891,0.06942151426754078,0.5648830379936696,COMPLETE
70,0.9032173426554918,0.0033386752150762872,0.5996408950209764,COMPLETE
71,0.9039558595559908,0.0018886150847649817,0.5408764570598544,COMPLETE
72,0.8831645580796845,0.03113059274149767,0.5121003285911386,COMPLETE
73,0.8751869542353589,0.07587095080380159,0.6136457190016648,COMPLETE
74,0.868976780734349,0.1065380961339013,0.5402637062039818,COMPLETE
75,0.8944920534790727,0.025645930483762847,0.7149505338884313,COMPLETE
76,0.8768618319848867,0.06418173127019543,0.6519887293530043,COMPLETE
77,0.8949907910702436,0.028083294284436296,0.8064182672621207,COMPLETE
78,0.8687555903331895,0.13112848081647235,0.4716594753749469,COMPLETE
79,0.8691938647181575,0.07696589801248264,0.4061764079950819,COMPLETE
80,0.9030497672688221,0.002616760030153065,0.32891110064881557,COMPLETE
81,0.9040014474324144,0.001420435655938592,0.5466147210275287,COMPLETE
82,0.8866737089543673,0.028764503849368524,0.5300171825857934,COMPLETE
83,0.8857480501721081,0.05309973037881559,0.9687899360153468,COMPLETE
84,0.8704190447466179,0.9909866861230336,0.5868941628299967,COMPLETE
85,0.8704190447466179,0.8682305943376187,0.55860694775408,COMPLETE
86,0.8699900392597832,0.09314081994292127,0.6729168760936489,COMPLETE
87,0.9039558595559908,0.0024547702346874147,0.6386724856421935,COMPLETE
88,0.8768618319848867,0.06008415863291555,0.63999099509769,COMPLETE
89,0.8685173781353935,0.11259261813282238,0.44335211709059896,COMPLETE
90,0.8912877012363185,0.02374336304790313,0.5959685304883764,COMPLETE
91,0.9039558595559908,0.001882961471702804,0.4842037316276723,COMPLETE
92,0.8765296440060095,0.05313363390338801,0.4953762276672136,COMPLETE
93,0.8857480501721081,0.026396013712219737,0.47486231238653814,COMPLETE
94,0.9033334958974464,0.003336425257857898,0.6331143066211714,COMPLETE
95,0.8699900392597832,0.07553601580796294,0.5244422566773536,COMPLETE
96,0.8760343088815079,0.048556321974075695,0.41267052832968965,COMPLETE
97,0.8877156902103994,0.022988611105883388,0.5621959829934987,COMPLETE
98,0.8783553646269339,0.08513787046626614,0.9229665039728376,COMPLETE
99,0.8970865154952378,0.020051485737717457,0.6666230554937544,COMPLETE
100,0.8774235268845861,0.05142969105028582,0.7245689088892242,COMPLETE
101,0.9033334958974464,0.004908494956049416,0.9036530533829573,COMPLETE
102,0.8942607137181663,0.02255666597277092,0.6099125067988415,COMPLETE
103,0.8788897229036289,0.04572807338881743,0.5020683345783095,COMPLETE
104,0.86919839001793,0.0661021950136617,0.36761454619162126,COMPLETE
105,0.9039558595559908,0.003280203371420411,0.8467045007516116,COMPLETE
106,0.8690592910831951,0.09984482021240977,0.5387951845988244,COMPLETE
107,0.9059310083198076,0.001790358927744973,0.8435813753742075,COMPLETE
108,0.8688707993457785,0.14154851598519452,0.7752301257921937,COMPLETE
109,0.8795991904142861,0.03649784610995088,0.4512728711966022,COMPLETE
110,0.8810575030700998,0.06414990032617736,0.9682263635899242,COMPLETE
111,0.9039558595559908,0.0028129587249326295,0.8505040704525187,COMPLETE
112,0.8981845257866004,0.02015279519401989,0.8442284438911581,COMPLETE
113,0.8867216895218429,0.04323728007375417,0.8173238990136631,COMPLETE
114,0.8982005579051792,0.01946341309376682,0.7932824407794965,COMPLETE
115,0.8873675755133,0.03769632672893415,0.7522130425667419,COMPLETE
116,0.9039558595559908,0.0020533247926175125,0.5810710597418631,COMPLETE
117,0.8796702893749402,0.0736563265258539,0.8851675825024662,COMPLETE
118,0.8699991354355842,0.08623676533211956,0.5547461495236541,COMPLETE
119,0.8755196644797679,0.11199343551639118,0.9342537710671484,COMPLETE
120,0.8981845257866004,0.021088312760341506,0.9064011379005774,COMPLETE
121,0.9040014474324144,0.002284754281141237,0.8421796487594617,COMPLETE
122,0.8873675755133,0.043279625406384206,0.8803163729814111,COMPLETE
123,0.9039558595559908,0.0027502227140886112,0.8386141925616053,COMPLETE
124,0.9059310083198076,0.0012080722269664573,0.6244368717278392,COMPLETE
125,0.8796804066786571,0.053387826754172696,0.6321241338456979,COMPLETE
126,0.8949907910702436,0.02377164882570532,0.6910919821614958,COMPLETE
127,0.8870838462248303,0.032174801674874944,0.6165548140145766,COMPLETE
128,0.8754531513653891,0.07100044039038753,0.5789709335378741,COMPLETE
129,0.8765296440060095,0.05690032934508898,0.5200937812753952,COMPLETE
130,0.8857386006792106,0.0348328923114018,0.6032074168440074,COMPLETE
131,0.8982667359068284,0.012835552483548715,0.48252227006417286,COMPLETE
132,0.9059751791160864,0.0014499104739812713,0.6621849086030015,COMPLETE
133,0.9059310083198076,0.001012549392166681,0.6416855990082005,COMPLETE
134,0.8944920534790727,0.02307114411843291,0.6553684411086238,COMPLETE
135,0.8810575030700998,0.04802824956646013,0.709958127421575,COMPLETE
136,0.8870838462248303,0.035326644618191266,0.6792949706750033,COMPLETE
137,0.8757367484635762,0.07855975148026322,0.6599300048727094,COMPLETE
138,0.8768618319848867,0.05743133930750202,0.5911690451726708,COMPLETE
139,0.8795337852722169,0.01895813316582922,0.2226807550822254,COMPLETE
140,0.8704190447466179,0.7177486013513421,0.6424148542119384,COMPLETE
141,0.9040014474324144,0.0015893121304767044,0.5526094035106197,COMPLETE
142,0.9032173426554918,0.003096148232009625,0.5483248127424395,COMPLETE
143,0.894308024837917,0.022286456718237542,0.5731210203348847,COMPLETE
144,0.9039558595559908,0.0023759818289925496,0.6057184302035157,COMPLETE
145,0.8858935921834106,0.036008566269287015,0.6271492893226464,COMPLETE
146,0.9059751791160864,0.0013191838333772722,0.5445020524926841,COMPLETE
147,0.8760496442122454,0.061263594649954005,0.5301860613999122,COMPLETE
148,0.8699991354355842,0.08885700086688865,0.5617016837625269,COMPLETE
149,0.8776049402693888,0.03500840529115752,0.5062295426188985,COMPLETE
150,0.8942607137181663,0.020392163193518387,0.5467708799949711,COMPLETE
151,0.9039558595559908,0.0022446272278827985,0.6005095973807707,COMPLETE
152,0.8776298639059231,0.04408257648821748,0.6346675217460946,COMPLETE
153,0.9059751791160864,0.001669366201473883,0.674027290138967,COMPLETE
154,0.8982667359068284,0.01921274987614753,0.7055007623815205,COMPLETE
155,0.8774235268845861,0.05369990990524355,0.7445651013464838,COMPLETE
156,0.8704190447466179,0.02228309070955639,0.029037534300653922,COMPLETE
157,0.8857480501721081,0.03793506088488345,0.6819890363976502,COMPLETE
158,0.9058519345931478,0.0013157519364424782,0.9974981927935039,COMPLETE
159,0.8776049402693888,0.0682748224203499,0.9892917852289388,COMPLETE
160,0.8700099760103187,0.39550271555121375,0.9523983378352039,COMPLETE
161,0.9039558595559908,0.0038536653063415676,0.9826450089946632,COMPLETE
162,0.9034073927837529,0.0024667169026488965,0.5737162408790973,COMPLETE
163,0.8979150407703589,0.025147663424586523,0.9482206085035905,COMPLETE
164,0.8873675755133,0.04323540884823958,0.924143980663643,COMPLETE
165,0.8944920534790727,0.02369621285188073,0.6615621486195364,COMPLETE
166,0.9039558595559908,0.002126255365386576,0.5950482734320205,COMPLETE
167,0.8797372249913611,0.055475062397653235,0.7241152928114158,COMPLETE
168,0.8857480501721081,0.03434546459217488,0.6165169886832119,COMPLETE
169,0.9059751791160864,0.001223362623345408,0.511750049417255,COMPLETE
170,0.8981845257866004,0.022222764137143577,0.9955705871436962,COMPLETE
171,0.9034073927837529,0.002403624898994149,0.511573043629527,COMPLETE
172,0.8944920534790727,0.019660370147227085,0.5548608594659026,COMPLETE
173,0.8776298639059231,0.03625556160309387,0.5190394526816421,COMPLETE
174,0.8949907910702436,0.01848989184802588,0.5341845001030402,COMPLETE
175,0.9039558595559908,0.0019288363716066905,0.5788100496930108,COMPLETE
176,0.8866737089543673,0.052669741630374654,0.9665791815192308,COMPLETE
177,0.8727863940258288,0.07028956759320001,0.5363073429240172,COMPLETE
178,0.8873675755133,0.036165374367848765,0.8169923673097036,COMPLETE
179,0.8981845257866004,0.019973793661834452,0.8605610443789968,COMPLETE
180,0.8704190447466179,0.4562210850908312,0.46599025565748253,COMPLETE
181,0.9034073927837529,0.0028649415875911747,0.6607989578421901,COMPLETE
182,0.8982667359068284,0.01776796225559368,0.6420572409120576,COMPLETE
183,0.8776298639059231,0.04391663887363077,0.6242403442809641,COMPLETE
184,0.9032173426554918,0.003544453815930642,0.5917466623341844,COMPLETE
185,0.9059310083198076,0.0014596873696822645,0.6845284605937642,COMPLETE
186,0.9059310083198076,0.0014546835515506984,0.695299673104705,COMPLETE
187,0.8867216895218429,0.03666459514011847,0.6933324319954426,COMPLETE
188,0.9059310083198076,0.0012439329845216813,0.7817819959717488,COMPLETE
189,0.8949240673167808,0.025264665335409355,0.7746892561233604,COMPLETE
190,0.8795337852722169,0.06145863727474307,0.713009054653112,COMPLETE
191,0.9040014474324144,0.0021015749402217535,0.787982993649559,COMPLETE
192,0.8982667359068284,0.022063575492555068,0.7941347524727386,COMPLETE
193,0.8981845257866004,0.01881105803712818,0.8302746246342803,COMPLETE
194,0.9040014474324144,0.0023323742142808217,0.7715665747355399,COMPLETE
195,0.9059310083198076,0.0015483978294397645,0.7559594375915584,COMPLETE
196,0.8847552592759031,0.043045585426491936,0.7304910520225667,COMPLETE
197,0.8873675755133,0.035212604014657034,0.7574683188813365,COMPLETE
198,0.8981845257866004,0.019208146524719246,0.7941673992713665,COMPLETE
199,0.8774235268845861,0.052428288147739005,0.7382326654231541,COMPLETE
200,0.8982667359068284,0.018968113258536853,0.6795658806201725,COMPLETE
201,0.9031797424378868,0.0056617952492316465,0.7690478282660134,COMPLETE
202,0.9031797424378868,0.005839562142360518,0.7834411447799157,COMPLETE
203,0.8875799460511994,0.03381673219024614,0.8094028315099269,COMPLETE
204,0.9040014474324144,0.001900002964391468,0.7506412894429674,COMPLETE
205,0.8943857980113424,0.025545168160205373,0.7055846625470173,COMPLETE
206,0.9040014474324144,0.0017774122320999457,0.6746269534695226,COMPLETE
207,0.9059751791160864,0.0018287746577735303,0.8310999819967491,COMPLETE
208,0.8878814633960183,0.04265665060027578,0.8293167639121616,COMPLETE
209,0.8982667359068284,0.019427637542694644,0.6946727878861649,COMPLETE
210,0.8810575030700998,0.05710033030693102,0.84700670520697,COMPLETE
211,0.9059310083198076,0.0016709675692297057,0.8091614970494962,COMPLETE
212,0.8982667359068284,0.023030380871149985,0.8604621402563886,COMPLETE
213,0.8982220183338329,0.020056261705674372,0.7981504851383605,COMPLETE
214,0.9058519345931478,0.0011754552023076036,0.8222261385405754,COMPLETE
215,0.8873675755133,0.03981113057750972,0.8184923314135832,COMPLETE
216,0.9059310083198076,0.001425516209472707,0.8843153564510235,COMPLETE
217,0.8944920534790727,0.03170114335266636,0.9013286804689906,COMPLETE
218,0.8980729600262652,0.017864679525684206,0.879393426915369,COMPLETE
219,0.8873675755133,0.0433041029422619,0.8705761183432206,COMPLETE
220,0.8700099760103187,0.33998198909046284,0.8425236687621801,COMPLETE
221,0.9039558595559908,0.0027038643332022595,0.8250840291149684,COMPLETE
222,0.9059310083198076,0.0013760201387929968,0.8102053647474413,COMPLETE
223,0.9059751791160864,0.001899410304016089,0.8160135777175805,COMPLETE
224,0.8704190447466179,0.6003217140696692,0.8094369466983273,COMPLETE
225,0.8970865154952378,0.024089493244456153,0.8072120346233441,COMPLETE
226,0.9059310083198076,0.0011399734967542953,0.6615137974296381,COMPLETE
227,0.9040014474324144,0.0018481494478719937,0.6626134374822104,COMPLETE
228,0.8912877012363185,0.027106088462709864,0.6753460704974603,COMPLETE
229,0.9059310083198076,0.0013283948827276305,0.649321159874648,COMPLETE
230,0.8949240673167808,0.022577226885977495,0.6953312126529796,COMPLETE
231,0.8982667359068284,0.017534580028164652,0.6415819762445945,COMPLETE
232,0.9059310083198076,0.0012105293063017814,0.6554426175957729,COMPLETE
233,0.9059310083198076,0.0011202029840213384,0.6538386147464806,COMPLETE
234,0.8857480501721081,0.037399452058913166,0.6682695251949569,COMPLETE
235,0.9040014474324144,0.0016278636438569597,0.643095732382233,COMPLETE
236,0.8970307414203366,0.021488317421513418,0.7213570002588449,COMPLETE
237,0.8840827479745923,0.04090497602659375,0.6855463312480516,COMPLETE
238,0.8949240673167808,0.02243216319741262,0.6738975072206183,COMPLETE
239,0.9059310083198076,0.0011673549068813094,0.6611904004647513,COMPLETE
240,0.8774235268845861,0.04840711536980863,0.6568166197090124,COMPLETE
241,0.9040014474324144,0.0017090896969656454,0.6627272564732644,COMPLETE
242,0.8944920534790727,0.022537905428115915,0.6430291198705431,COMPLETE
243,0.8982667359068284,0.01971105991081682,0.6988795602123512,COMPLETE
244,0.9059751791160864,0.0015075497939678526,0.654875098482724,COMPLETE
245,0.9040014474324144,0.0019378708664936118,0.6446631075210869,COMPLETE
246,0.9059310083198076,0.0010460889571762093,0.6170236943303862,COMPLETE
247,0.8870838462248303,0.03415914076165834,0.6567168549951149,COMPLETE
248,0.8970865154952378,0.021044271592903112,0.6846034390153926,COMPLETE
249,0.9059310083198076,0.001292357821818988,0.6275972794183072,COMPLETE
