number,value,params_w_neo4j,params_w_semantique,state
0,0.8223471409691899,0.9507635921035062,0.37516557872851514,COMPLETE
1,0.8224143972693212,0.5990598257128396,0.7322619478695936,COMPLETE
2,0.8223471409691899,0.15683852581586644,0.1568626218019941,COMPLETE
3,0.8223471409691899,0.8663099696291603,0.05902552855603126,COMPLETE
4,0.8223471409691899,0.7083645052182495,0.6015138967314656,COMPLETE
5,0.8223471409691899,0.9699399423098324,0.021563909801506645,COMPLETE
6,0.8211662383910595,0.21312677156759788,0.8326101981596213,COMPLETE
7,0.8223471409691899,0.18422110534358038,0.18264314223989353,COMPLETE
8,0.8223471409691899,0.5252316752006057,0.3049380007165782,COMPLETE
9,0.8224201170546124,0.2919379110578439,0.43251307362347363,COMPLETE
10,0.8166197877456537,0.006991185772861619,0.9522109347359311,COMPLETE
11,0.8223579438095832,0.46315472408588787,0.5573167994334295,COMPLETE
12,0.8224143972693212,0.4736570862618914,0.6599648457368391,COMPLETE
13,0.8223471409691899,0.6383337834558498,0.4233285736944551,COMPLETE
14,0.8224034111813231,0.369327319353563,0.7449162385512847,COMPLETE
15,0.8223471409691899,0.7476467931179038,0.5140846322474198,COMPLETE
16,0.8223900296926372,0.3290160965253605,0.9000098729011211,COMPLETE
17,0.8223579438095832,0.6193459366388874,0.7231680109667571,COMPLETE
18,0.8173384384195043,0.013663551848098143,0.46245923195916927,COMPLETE
19,0.8223471409691899,0.30820407169258174,0.30357878284290485,COMPLETE
20,0.8223471409691899,0.7910449624230576,0.8042029898559898,COMPLETE
21,0.8224143972693212,0.47245649830553804,0.6094647895703108,COMPLETE
22,0.8224143972693212,0.5430036376409998,0.6849205692768193,COMPLETE
23,0.8224346875049863,0.39799820729441804,0.6771243509281197,COMPLETE
24,0.8223956925666269,0.3797522923446099,0.8067074950438411,COMPLETE
25,0.8212429263952195,0.2695288825882144,0.99936307620291,COMPLETE
26,0.8224143972693212,0.40916635450629524,0.513060690891415,COMPLETE
27,0.8208910892980574,0.11286414088114649,0.8712753444010695,COMPLETE
28,0.8223471409691899,0.6507217637253061,0.6258813658188388,COMPLETE
29,0.8223471409691899,0.5682317330047965,0.4254827562620653,COMPLETE
30,0.8224143972693212,0.2579810473503148,0.33500175109694474,COMPLETE
31,0.8224201170546124,0.46027127821767033,0.66783877182427,COMPLETE
32,0.8224346875049863,0.428347214384987,0.7414120379887679,COMPLETE
33,0.8224346875049863,0.42190029968846304,0.742022216349313,COMPLETE
34,0.8224346875049863,0.40075894594939804,0.7565529481176008,COMPLETE
35,0.8224346875049863,0.39556371738948903,0.7499209645415422,COMPLETE
36,0.8224201170546124,0.5230300456006072,0.7734339101557062,COMPLETE
37,0.8223869620228402,0.3500313994824343,0.8779044988996638,COMPLETE
38,0.8224401442381724,0.41203946586182105,0.6884734496672256,COMPLETE
39,0.8223900296926372,0.21341773256737762,0.5608443635003217,COMPLETE
40,0.8207571955173282,0.10318060173780524,0.8424152341860499,COMPLETE
41,0.8224401442381724,0.4341991808239599,0.7022469380842165,COMPLETE
42,0.8224201170546124,0.4310216308207073,0.640467221221727,COMPLETE
43,0.8224143972693212,0.5077155381361843,0.7047262959865792,COMPLETE
44,0.8223471409691899,0.5876658828463708,0.5575551002973655,COMPLETE
45,0.8223956925666269,0.31459787863094435,0.6713428188448235,COMPLETE
46,0.8221621569352454,0.23860827611128615,0.7870447040939783,COMPLETE
47,0.8223471409691899,0.9027544915666248,0.7025032503409234,COMPLETE
48,0.8224760490224083,0.4240232215805721,0.8270083111797402,COMPLETE
49,0.8224346875049863,0.5026356811729072,0.9269160867495254,COMPLETE
50,0.8223471409691899,0.6818055091450833,0.5710413666834705,COMPLETE
51,0.8224346875049863,0.4433516422658,0.842725582639971,COMPLETE
52,0.8224034111813231,0.36731522966771973,0.7244109135430814,COMPLETE
53,0.8224855580076893,0.42750554329725776,0.8174124768114809,COMPLETE
54,0.8224760490224083,0.4843252597370591,0.9363347344811699,COMPLETE
55,0.8224346875049863,0.5595184728176497,0.9596173677192209,COMPLETE
56,0.8223900296926372,0.3477703486124557,0.924382700645698,COMPLETE
57,0.8224034111813231,0.49444436888474946,0.9974569286243307,COMPLETE
58,0.8223855292214203,0.28886968401053786,0.8095923013076319,COMPLETE
59,0.8223471409691899,0.6076795214367671,0.11796527082201702,COMPLETE
60,0.8224346875049863,0.4799265261584994,0.896057295352998,COMPLETE
61,0.8224346875049863,0.4381655759116757,0.8179018745428124,COMPLETE
62,0.8223936653601519,0.33360449406429304,0.8507665155086603,COMPLETE
63,0.8224346875049863,0.37751121746739463,0.6434209545255671,COMPLETE
64,0.8223579438095832,0.5318818425055638,0.5951911719890202,COMPLETE
65,0.8224201170546124,0.4546237162011642,0.6988228722221419,COMPLETE
66,0.8224760490224083,0.4065185518364949,0.7881912404546141,COMPLETE
67,0.8223471409691899,0.9974723586524922,0.7824273383027395,COMPLETE
68,0.8223932831762978,0.37768624945723794,0.9333490433594889,COMPLETE
69,0.8223982210961167,0.4079781401380779,0.8847726169262653,COMPLETE
70,0.8223932831762978,0.30974392390834843,0.7670809660836434,COMPLETE
71,0.8224346875049863,0.427079229213299,0.7281597868415092,COMPLETE
72,0.8224346875049863,0.47671681789609616,0.8562488630412922,COMPLETE
73,0.8223956925666269,0.39244879730294635,0.7979342684210048,COMPLETE
74,0.8224201170546124,0.45205911762832385,0.6561640947491768,COMPLETE
75,0.8223932831762978,0.3477222071469601,0.8283621772023835,COMPLETE
76,0.8223471409691899,0.5684439389567578,0.5962921021811535,COMPLETE
77,0.8223471409691899,0.5123065232310139,0.517756747318343,COMPLETE
78,0.8224401442381724,0.4123559704099891,0.6905541637895881,COMPLETE
79,0.8223936653601519,0.2721837958275421,0.6949423195637504,COMPLETE
80,0.8224201170546124,0.4072313313820743,0.6174204056154216,COMPLETE
81,0.8224201170546124,0.48426166687408245,0.7374581150489501,COMPLETE
82,0.8224346875049863,0.42016522800954187,0.7544051926707656,COMPLETE
83,0.8224346875049863,0.3623733320932629,0.6760497457829007,COMPLETE
84,0.8224201170546124,0.45656399821579585,0.7150839797976483,COMPLETE
85,0.8224760490224083,0.3963790502196795,0.7756712333165449,COMPLETE
86,0.8223932831762978,0.3177486067595155,0.7633859601684927,COMPLETE
87,0.8223956925666269,0.37720813631335476,0.7908995339887992,COMPLETE
88,0.8224401442381724,0.5321058042438555,0.8644524066787093,COMPLETE
89,0.8224401442381724,0.5369125007850141,0.9105071835586548,COMPLETE
90,0.8224201170546124,0.639599540378313,0.954180573340782,COMPLETE
91,0.8224401442381724,0.5639355180807829,0.9031999664751943,COMPLETE
92,0.8224346875049863,0.5383320615428975,0.972686844724699,COMPLETE
93,0.8224346875049863,0.49797920700008463,0.870098489322675,COMPLETE
94,0.8224760490224083,0.4685266584814334,0.9182516225822426,COMPLETE
95,0.8224346875049863,0.4658237424003964,0.8256423116966725,COMPLETE
96,0.8224201170546124,0.5884773311389554,0.8667073281041032,COMPLETE
97,0.8224855580076893,0.4376630951791274,0.8354739500860708,COMPLETE
98,0.8223471409691899,0.4326644670721012,0.2402019016203389,COMPLETE
99,0.8223956925666269,0.3884040097746925,0.8134987082800914,COMPLETE
100,0.8223932831762978,0.3422522150785573,0.8350504542743439,COMPLETE
101,0.8224201170546124,0.5130250581787774,0.7878322815283698,COMPLETE
102,0.8223956925666269,0.44791977938211397,0.9196758492448891,COMPLETE
103,0.8223982210961167,0.41167919779248763,0.8892674216860691,COMPLETE
104,0.8224034111813231,0.4833354055491615,0.9779631187645484,COMPLETE
105,0.8224346875049863,0.46313453515123976,0.8467045007516116,COMPLETE
106,0.8223956925666269,0.36272380543803995,0.7697392977843471,COMPLETE
107,0.8223982210961167,0.43005472125046007,0.9332044712666707,COMPLETE
108,0.8223982210961167,0.39541196937217477,0.8656788893429318,COMPLETE
109,0.8224401442381724,0.44648801312281206,0.7196417940582337,COMPLETE
110,0.8223579438095832,0.5535384004440116,0.6473692313127996,COMPLETE
111,0.8224346875049863,0.5203192073959696,0.9149544635950598,COMPLETE
112,0.8224760490224083,0.48733767675134926,0.9447185975531198,COMPLETE
113,0.8224346875049863,0.4926280334300824,0.9368659420444972,COMPLETE
114,0.8224346875049863,0.47399522285779777,0.8854642802665893,COMPLETE
115,0.8224760490224083,0.41684112941651513,0.8146490651989591,COMPLETE
116,0.8224346875049863,0.41260575359042545,0.7423551032848102,COMPLETE
117,0.8223900296926372,0.29230317353504215,0.7998989982876749,COMPLETE
118,0.8224346875049863,0.388736366014996,0.6890887496181205,COMPLETE
119,0.8223982210961167,0.3609489642115663,0.8192351335777244,COMPLETE
120,0.8223982210961167,0.4297600386758547,0.9845111348738336,COMPLETE
121,0.8223956925666269,0.46608474663539534,0.9529004758353807,COMPLETE
122,0.8224346875049863,0.49861054926392573,0.8573469925822226,COMPLETE
123,0.8224346875049863,0.44350348665204287,0.7692362392009803,COMPLETE
124,0.8223982210961167,0.39960225434413593,0.8912121761636247,COMPLETE
125,0.8224760490224083,0.4157493849932042,0.8066333945144392,COMPLETE
126,0.8224034111813231,0.4176683920010421,0.8385936744903443,COMPLETE
127,0.8223932831762978,0.32469494103074853,0.8068498141107464,COMPLETE
128,0.8224346875049863,0.4474292043756682,0.780122105567865,COMPLETE
129,0.8224034111813231,0.37817788870599806,0.7433291998540976,COMPLETE
130,0.8224346875049863,0.4134243907534839,0.7106644891034403,COMPLETE
131,0.8224346875049863,0.4784542251768612,0.8253416616442271,COMPLETE
132,0.8224401442381724,0.5103289376659899,0.8524803356736445,COMPLETE
133,0.8223956925666269,0.4276937106805207,0.874428535792809,COMPLETE
134,0.8223900296926372,0.33821501031195633,0.9037557707492732,COMPLETE
135,0.8224346875049863,0.4692028704343593,0.7980913282566384,COMPLETE
136,0.8224346875049863,0.5297228765608961,0.9444195307966445,COMPLETE
137,0.8224346875049863,0.3939090434946702,0.6710516587466736,COMPLETE
138,0.8223956925666269,0.36027571086952204,0.7572496143563996,COMPLETE
139,0.8224346875049863,0.44521602387191567,0.838774957610204,COMPLETE
140,0.8224201170546124,0.49280133355886585,0.7831653467673586,COMPLETE
141,0.8224346875049863,0.5448003480343175,0.9719321607170504,COMPLETE
142,0.8224201170546124,0.6056777282797073,0.903012430061138,COMPLETE
143,0.8224201170546124,0.5692488821682775,0.8813532756681396,COMPLETE
144,0.8224346875049863,0.45521735566152355,0.8166068287392807,COMPLETE
145,0.8223471409691899,0.832155598943361,0.913218654303586,COMPLETE
146,0.8223579438095832,0.5277654560449073,0.6323234520466682,COMPLETE
147,0.8223956925666269,0.4068276164002956,0.8642850340735683,COMPLETE
148,0.8223982210961167,0.42642554920581716,0.9504122946301432,COMPLETE
149,0.8223932831762978,0.3804385427344412,0.9238026582891279,COMPLETE
150,0.8224201170546124,0.48217009168342656,0.7285236926579561,COMPLETE
151,0.8224201170546124,0.5866175327132119,0.9038518626863475,COMPLETE
152,0.8224201170546124,0.5677655521024512,0.859967665597765,COMPLETE
153,0.8224401442381724,0.49898339393948576,0.8404537968280408,COMPLETE
154,0.8224401442381724,0.5472031885550739,0.8891739513666587,COMPLETE
155,0.8224201170546124,0.5189365560340653,0.8167988442360905,COMPLETE
156,0.8223471409691899,0.45971681727643204,0.0290375343006537,COMPLETE
157,0.8223982210961167,0.4319375097762409,0.9649909099923689,COMPLETE
158,0.8224201170546124,0.631808336624577,0.9979133672179797,COMPLETE
159,0.8223982210961167,0.4058235281997823,0.9235123730035101,COMPLETE
160,0.8224201170546124,0.4428310402344992,0.7016232634371594,COMPLETE
161,0.8224201170546124,0.46358151133365305,0.7190841838616657,COMPLETE
162,0.8224201170546124,0.44092153171961684,0.6795173513353935,COMPLETE
163,0.8224034111813231,0.3796445493245105,0.7592356401690074,COMPLETE
164,0.8224201170546124,0.41944197613648376,0.6593115805637517,COMPLETE
165,0.8224401442381724,0.48942977711286495,0.7940759270616908,COMPLETE
166,0.8224201170546124,0.4695352878473079,0.7390725914725185,COMPLETE
167,0.8224143972693212,0.6745082417102598,0.8296793550287738,COMPLETE
168,0.8224346875049863,0.40616496321576023,0.7705268476373499,COMPLETE
169,0.8223471409691899,0.5141072965711667,0.38697049368479175,COMPLETE
170,0.8224401442381724,0.43925865025264377,0.7213139049034855,COMPLETE
171,0.8224201170546124,0.5364707994878053,0.8522052111291364,COMPLETE
172,0.8224346875049863,0.504238993965627,0.874592881306702,COMPLETE
173,0.8223956925666269,0.39138946185236034,0.8005386932250164,COMPLETE
174,0.8224346875049863,0.4547484715262559,0.8456847783976698,COMPLETE
175,0.8224201170546124,0.5771411703114024,0.9015878830174668,COMPLETE
176,0.818372929945046,0.04896444053982718,0.9383059381809751,COMPLETE
177,0.8224201170546124,0.5510169508080606,0.8214660949298411,COMPLETE
178,0.8224401442381724,0.4894728845505859,0.7841410667313846,COMPLETE
179,0.8223956925666269,0.4236884958583797,0.8733015620874343,COMPLETE
180,0.8224401442381724,0.5101385528790594,0.8551696296579808,COMPLETE
181,0.8224346875049863,0.474684329063369,0.8368268491154548,COMPLETE
182,0.8224401442381724,0.5027403733349008,0.8359272528769239,COMPLETE
183,0.8224346875049863,0.5244046031975891,0.9155066766075427,COMPLETE
184,0.8224346875049863,0.4455943029723328,0.8041683068171238,COMPLETE
185,0.8223982210961167,0.36488391222086397,0.8515525501385035,COMPLETE
186,0.8223956925666269,0.418946395647514,0.8858019621065595,COMPLETE
187,0.8224143972693212,0.4832767154940656,0.689884098547673,COMPLETE
188,0.8224201170546124,0.5526746427394718,0.8120923823229046,COMPLETE
189,0.8224346875049863,0.39507938439509704,0.7506728598486834,COMPLETE
190,0.8223956925666269,0.4578964892685665,0.9413070041175166,COMPLETE
191,0.8224401442381724,0.5396443249266228,0.8918505247877244,COMPLETE
192,0.8224201170546124,0.5923054052501755,0.899843179114734,COMPLETE
193,0.8224346875049863,0.5054675898144835,0.923735097435181,COMPLETE
194,0.8224401442381724,0.5321042614173905,0.8763688507919317,COMPLETE
195,0.8224201170546124,0.550234269756516,0.8301865051757427,COMPLETE
196,0.8224034111813231,0.43778465015679474,0.8622639052308243,COMPLETE
197,0.8224201170546124,0.47390200261634957,0.7067529704143971,COMPLETE
198,0.8224201170546124,0.6179512002474283,0.9564535007277939,COMPLETE
199,0.8224855580076893,0.41034715766910834,0.7839590682579275,COMPLETE
200,0.8224638672989714,0.40461806991029386,0.7809764653635988,COMPLETE
201,0.8224346875049863,0.4203531604779314,0.7863194268440378,COMPLETE
202,0.8224346875049863,0.4051286477689866,0.7679553321594377,COMPLETE
203,0.8223956925666269,0.37668778041160733,0.8053209081112076,COMPLETE
204,0.8224760490224083,0.39748005068739245,0.771265724517624,COMPLETE
205,0.8224346875049863,0.39432451661029233,0.7404186765389218,COMPLETE
206,0.8223982210961167,0.35220258296572354,0.7731966340044907,COMPLETE
207,0.8224346875049863,0.4043182882666986,0.7272830293779607,COMPLETE
208,0.8224346875049863,0.4253934378223229,0.7872598039645774,COMPLETE
209,0.8223956925666269,0.366296425015031,0.7640877557970362,COMPLETE
210,0.8224201170546124,0.4425018973340372,0.6651763019815111,COMPLETE
211,0.8223956925666269,0.3875226276225257,0.8123948817671285,COMPLETE
212,0.8224034111813231,0.41492028400525005,0.8385519066714231,COMPLETE
213,0.8224346875049863,0.45264031096849316,0.7955764379648517,COMPLETE
214,0.8224638672989714,0.42910771021245114,0.8254298120049528,COMPLETE
215,0.8224346875049863,0.42963416296286205,0.7517220106078588,COMPLETE
216,0.8224034111813231,0.40940494978663483,0.819828915428919,COMPLETE
217,0.8223956925666269,0.3832581623720677,0.7778495359163465,COMPLETE
218,0.8223471409691899,0.7445925732718532,0.6986282960764469,COMPLETE
219,0.8224346875049863,0.43345616634130446,0.820046578129364,COMPLETE
220,0.8224346875049863,0.4468481400696015,0.7987449160419814,COMPLETE
221,0.8224346875049863,0.46659300456343883,0.8427109375761446,COMPLETE
222,0.8223956925666269,0.4043456585984178,0.8319076901634802,COMPLETE
223,0.8224346875049863,0.492598433922132,0.8580210229249221,COMPLETE
224,0.8224346875049863,0.4266283217919132,0.800953761284251,COMPLETE
225,0.8224346875049863,0.4552810821244003,0.7841859703098024,COMPLETE
226,0.8224346875049863,0.3908118281042926,0.6875111136194261,COMPLETE
227,0.8224346875049863,0.4759874969839802,0.8227475468348068,COMPLETE
228,0.8224346875049863,0.41552351927387265,0.7351547865971133,COMPLETE
229,0.8223932831762978,0.37122703447638905,0.9110654209166845,COMPLETE
230,0.8224401442381724,0.512234972166865,0.8529162482653111,COMPLETE
231,0.8224346875049863,0.5217128806456276,0.8899390497282164,COMPLETE
232,0.8224201170546124,0.5710446706137037,0.872764754863886,COMPLETE
233,0.8224401442381724,0.5587389076450742,0.9393560885339856,COMPLETE
234,0.8224346875049863,0.43562662182028256,0.7574474018085505,COMPLETE
235,0.8224346875049863,0.48972270150897146,0.9171762325579967,COMPLETE
236,0.8224760490224083,0.45529882245975617,0.8936389482330411,COMPLETE
237,0.8224201170546124,0.45296357221852956,0.7178773092924914,COMPLETE
238,0.8223956925666269,0.4102742844047649,0.8464874456500955,COMPLETE
239,0.8224346875049863,0.46460851103986084,0.7943373654108717,COMPLETE
240,0.8224034111813231,0.4312195424670212,0.8681610351425866,COMPLETE
241,0.8223982210961167,0.4010415772022143,0.8999306965103847,COMPLETE
242,0.8224346875049863,0.49785221572534305,0.8885023012030973,COMPLETE
243,0.8224346875049863,0.4430251257925757,0.817168624983326,COMPLETE
244,0.8224346875049863,0.5344846892541751,0.9349377223306504,COMPLETE
245,0.8223982210961167,0.4204175738116856,0.9636653703687161,COMPLETE
246,0.8224638672989714,0.47514545269953334,0.9142836820040524,COMPLETE
247,0.8223471409691899,0.47518813304529256,0.10964002078066148,COMPLETE
248,0.8224034111813231,0.46669647810330084,0.9197834513140309,COMPLETE
249,0.8223956925666269,0.38844923153538513,0.834490013924387,COMPLETE
250,0.8224346875049863,0.44108182113051586,0.8057901393938877,COMPLETE
251,0.8224346875049863,0.4838935929245809,0.9010942913719129,COMPLETE
252,0.8224346875049863,0.41749048135787176,0.7731402721019943,COMPLETE
253,0.8224201170546124,0.4578776922898126,0.6596074267277362,COMPLETE
254,0.8223982210961167,0.39826070372979655,0.8697261018223813,COMPLETE
255,0.8224143972693212,0.4968682584301134,0.6785871222048698,COMPLETE
256,0.8223471409691899,0.9219779640973476,0.9433518277031191,COMPLETE
257,0.8224855580076893,0.4345505090614749,0.8318065120493594,COMPLETE
258,0.8224346875049863,0.4401532725516479,0.8123299475845758,COMPLETE
259,0.8224346875049863,0.4192173777665199,0.7737385005117945,COMPLETE
260,0.8223900296926372,0.36869202488756053,0.9789198843838913,COMPLETE
261,0.8224401442381724,0.42965139504760835,0.7023284334533445,COMPLETE
262,0.8223956925666269,0.45560345286179305,0.9274483180186832,COMPLETE
263,0.8223982210961167,0.3861048127047266,0.8519404817883238,COMPLETE
264,0.8224760490224083,0.40257959042339053,0.7850703394849665,COMPLETE
265,0.8224346875049863,0.40330221843283215,0.7542966012285096,COMPLETE
266,0.8223982210961167,0.34833703684600037,0.7898682204933609,COMPLETE
267,0.8224346875049863,0.4154511892008299,0.736566793773986,COMPLETE
268,0.8223956925666269,0.3829881008459846,0.7828874634940529,COMPLETE
269,0.8224201170546124,0.4385050462269795,0.6441390336800961,COMPLETE
270,0.8224638672989714,0.42142209942314146,0.8112147274071826,COMPLETE
271,0.8223956925666269,0.39827145252460594,0.8110663663387997,COMPLETE
272,0.8224034111813231,0.4220551193957638,0.8331883419385101,COMPLETE
273,0.8223982210961167,0.371846459865761,0.8022820516967729,COMPLETE
274,0.8224034111813231,0.4049610973050393,0.8179649586371496,COMPLETE
275,0.8224346875049863,0.4280794400480476,0.7756393581411106,COMPLETE
276,0.8224143972693212,0.4528748503182664,0.6154348269097518,COMPLETE
277,0.8223982210961167,0.3904020544037929,0.9061595347381591,COMPLETE
278,0.8223471409691899,0.40709209391613643,0.22621092290963896,COMPLETE
279,0.8223900296926372,0.35603233182178107,0.9529180478109315,COMPLETE
280,0.8210043738325915,0.15322027536541405,0.8281073302128001,COMPLETE
281,0.8224034111813231,0.43509295791416897,0.878551270455787,COMPLETE
282,0.8224401442381724,0.4683879569359663,0.7900906304207642,COMPLETE
283,0.8224638672989714,0.41444564289077074,0.8009135373132387,COMPLETE
284,0.8224346875049863,0.4223080076951607,0.7557324110778966,COMPLETE
285,0.8223956925666269,0.3789247341923316,0.8073245652661682,COMPLETE
286,0.8224034111813231,0.4037085313145687,0.793693301945886,COMPLETE
287,0.8224346875049863,0.4474432779142992,0.7656993591063554,COMPLETE
288,0.8224034111813231,0.4215262688849075,0.8313925143279399,COMPLETE
289,0.8223956925666269,0.3900170896687543,0.8139531580326246,COMPLETE
290,0.8224346875049863,0.46798075003427175,0.8012824729207266,COMPLETE
291,0.8224638672989714,0.4398614489767631,0.8494459771601873,COMPLETE
292,0.8224638672989714,0.4412241144173556,0.8511188272235491,COMPLETE
293,0.8224346875049863,0.4436893287536497,0.8411066227657388,COMPLETE
294,0.8224346875049863,0.42678164462379375,0.7805736048201329,COMPLETE
295,0.8224346875049863,0.45379621442766477,0.8173805114087548,COMPLETE
296,0.8223956925666269,0.4081384474938557,0.8312898506522882,COMPLETE
297,0.8223869620228402,0.33629687637214034,0.8516873511648226,COMPLETE
298,0.8224346875049863,0.4346793279811814,0.7964254898328735,COMPLETE
299,0.8223956925666269,0.36507640772099087,0.7746103442531687,COMPLETE
300,0.8224401442381724,0.47025339398161226,0.7572685128837788,COMPLETE
301,0.8224034111813231,0.4162525364382969,0.8188742970223326,COMPLETE
302,0.8223982210961167,0.3915780596702927,0.8505373805283496,COMPLETE
303,0.8224346875049863,0.4418193933315939,0.7963148095730701,COMPLETE
304,0.8224346875049863,0.45709824470821536,0.8303949232962906,COMPLETE
305,0.8224346875049863,0.41173117249563895,0.780335044687555,COMPLETE
306,0.8224201170546124,0.37903441132141547,0.585554802745349,COMPLETE
307,0.8224201170546124,0.4778903681592401,0.7493671615280673,COMPLETE
308,0.8224034111813231,0.43247851368487134,0.8671797233263983,COMPLETE
309,0.8223956925666269,0.39565839786406476,0.8067451054601301,COMPLETE
310,0.8224346875049863,0.44960354432996485,0.8436182096466329,COMPLETE
311,0.8224346875049863,0.42268848977061685,0.7300351270602364,COMPLETE
312,0.8224143972693212,0.4061469140884098,0.5383838638362,COMPLETE
