number,value,params_w_neo4j,params_w_semantique,state
314,0.658531746031746,0.4301274855858664,0.8153174909990961,COMPLETE
315,0.6555124223602484,0.38236658530253675,0.8371570544561372,COMPLETE
316,0.658531746031746,0.44806503912480095,0.7837373323921986,COMPLETE
317,0.6555124223602484,0.4217741404886498,0.9596504420052041,COMPLETE
318,0.6555124223602484,0.4037657345741148,0.8513159414935999,COMPLETE
319,0.658531746031746,0.45261586289320166,0.8269460649151381,COMPLETE
320,0.6555124223602484,0.35912595187439916,0.753521165456464,COMPLETE
321,0.658531746031746,0.4378338304343753,0.8014458515088833,COMPLETE
322,0.658531746031746,0.46597863369036885,0.8758878686435958,COMPLETE
323,0.6581694271911663,0.4175699400709264,0.268807518168364,COMPLETE
324,0.6555124223602484,0.4591733916677376,0.9243502184566983,COMPLETE
325,0.6591356107660455,0.43461444838937824,0.853883933535611,COMPLETE
326,0.6555124223602484,0.395198394864149,0.8516983048667504,COMPLETE
327,0.658531746031746,0.427280312218136,0.822759584089742,COMPLETE
328,0.6581694271911663,0.6593342896837525,0.8622256532483265,COMPLETE
329,0.6581694271911663,0.8419941804687093,0.8364169872421705,COMPLETE
330,0.6555124223602484,0.44072871046446604,0.8936602429894354,COMPLETE
331,0.6555124223602484,0.405809151536811,0.8684381227384278,COMPLETE
332,0.658531746031746,0.43290082099058935,0.8063940757262034,COMPLETE
333,0.6555124223602484,0.3826365864544824,0.8460847479840818,COMPLETE
334,0.6581694271911663,0.4630587909600867,0.4273865506729367,COMPLETE
335,0.6555124223602484,0.4161202454260376,0.8813151246113701,COMPLETE
336,0.658531746031746,0.44898094822180706,0.7885641753390994,COMPLETE
337,0.6581694271911663,0.4752192620903386,0.7281311828623609,COMPLETE
338,0.658531746031746,0.4315657523339222,0.8218976645849194,COMPLETE
339,0.658531746031746,0.45697909746636467,0.8570067237655936,COMPLETE
340,0.6555124223602484,0.4102470666058348,0.8949416082212305,COMPLETE
341,0.6581694271911663,0.48152175118705265,0.7751179296919771,COMPLETE
342,0.658531746031746,0.4404553991885809,0.8349187108390737,COMPLETE
343,0.6555124223602484,0.3916690122942178,0.9083132909664171,COMPLETE
344,0.6555124223602484,0.37037109066497137,0.8683922506577714,COMPLETE
345,0.658531746031746,0.46904383735654237,0.8152965565896304,COMPLETE
346,0.6581694271911663,0.4984732799158271,0.8467936923250096,COMPLETE
347,0.6555124223602484,0.4200476382119808,0.8721235487924203,COMPLETE
348,0.658531746031746,0.4459537154144431,0.7998235214188147,COMPLETE
349,0.6591356107660455,0.4258466966392392,0.8290391045473905,COMPLETE
350,0.6555124223602484,0.39929744533245937,0.8269597104121937,COMPLETE
351,0.6555124223602484,0.4178152334928263,0.9030462988167035,COMPLETE
352,0.658531746031746,0.43274890823916146,0.7640129356403204,COMPLETE
353,0.658531746031746,0.4561133460707819,0.8481382201113354,COMPLETE
354,0.6555124223602484,0.3851372892119527,0.8873626728334786,COMPLETE
355,0.6555124223602484,0.3549840115019691,0.790810460315041,COMPLETE
356,0.658531746031746,0.4308825388558478,0.8121285578683817,COMPLETE
357,0.6555124223602484,0.267263596511194,0.8653825442051924,COMPLETE
358,0.6555124223602484,0.40256093656682834,0.8352824040214479,COMPLETE
359,0.658531746031746,0.478779740642402,0.9217254039220523,COMPLETE
360,0.6581694271911663,0.44543208602144635,0.3923950198756524,COMPLETE
361,0.6555124223602484,0.4179679308030789,0.8830392876527278,COMPLETE
362,0.658531746031746,0.491034504680049,0.8543590371616938,COMPLETE
363,0.658531746031746,0.4610341986420715,0.815639530856275,COMPLETE
364,0.658531746031746,0.4379550103767523,0.7803657462721648,COMPLETE
365,0.6555124223602484,0.40992180308993387,0.9422647213533848,COMPLETE
366,0.658531746031746,0.46964752861819986,0.839751113623509,COMPLETE
367,0.6581694271911663,0.5037104668837705,0.7520801788932606,COMPLETE
368,0.658531746031746,0.37014439695798795,0.6895675636792135,COMPLETE
369,0.6555124223602484,0.4315677489891893,0.9077215134323073,COMPLETE
370,0.658531746031746,0.45552283286662854,0.8758871257368932,COMPLETE
371,0.6555124223602484,0.31212484745037694,0.8043122203341195,COMPLETE
372,0.6581694271911663,0.5351707379203967,0.8542215989523608,COMPLETE
373,0.6555124223602484,0.4000313825571142,0.8295659862056642,COMPLETE
374,0.658531746031746,0.4849876676668106,0.9001980962398749,COMPLETE
375,0.6555124223602484,0.4217972312706032,0.8644281313199416,COMPLETE
376,0.6555124223602484,0.4492533200010365,0.9261042620728631,COMPLETE
377,0.6581694271911663,0.4728147150019395,0.7180331421033898,COMPLETE
378,0.6555124223602484,0.3872574928138513,0.8849625785567171,COMPLETE
379,0.658531746031746,0.44023024316190207,0.8309765083815396,COMPLETE
380,0.658531746031746,0.419804899240368,0.8058816608530821,COMPLETE
381,0.6581694271911663,0.49433750277586497,0.7879075142847445,COMPLETE
382,0.6581694271911663,0.5166080591437378,0.8623161853137786,COMPLETE
383,0.658531746031746,0.4580850294859744,0.8419849293115933,COMPLETE
384,0.658531746031746,0.4393446028648712,0.770392426519772,COMPLETE
385,0.658531746031746,0.46621208246354884,0.8188514272264329,COMPLETE
386,0.6555124223602484,0.4162754352376603,0.884826845072552,COMPLETE
387,0.6555124223602484,0.40128595361685937,0.9144027689899168,COMPLETE
388,0.658531746031746,0.475722577354663,0.8521447783675571,COMPLETE
389,0.6555124223602484,0.43518008737085684,0.9360586538381489,COMPLETE
390,0.6555124223602484,0.3770466082922957,0.8678602675642496,COMPLETE
391,0.658531746031746,0.45443942944655635,0.8249738082702593,COMPLETE
392,0.6416235334713596,0.18625627715257925,0.8990789096234287,COMPLETE
393,0.6555124223602484,0.3413139332415148,0.7968234172421139,COMPLETE
394,0.658531746031746,0.4913633414812392,0.8452346123782056,COMPLETE
395,0.6555124223602484,0.4247528491051689,0.8802148131074247,COMPLETE
396,0.6555124223602484,0.4048133414113392,0.9570453637611934,COMPLETE
397,0.658531746031746,0.4437176779075481,0.8204322789069104,COMPLETE
398,0.6581694271911663,0.47756317706725904,0.7471018067182326,COMPLETE
399,0.6581694271911663,0.5127633948967011,0.8411000179944488,COMPLETE
400,0.658531746031746,0.45600410441520495,0.8611732734557868,COMPLETE
401,0.658531746031746,0.42675941267497913,0.775715403616675,COMPLETE
402,0.6555124223602484,0.40480320086892835,0.8986669846955129,COMPLETE
403,0.6555124223602484,0.38721207783953,0.8006874642603735,COMPLETE
404,0.658531746031746,0.47157272698020025,0.8773477467087061,COMPLETE
405,0.658531746031746,0.49947428647555886,0.9201183147398762,COMPLETE
406,0.658531746031746,0.4459042204436432,0.8359211575899259,COMPLETE
407,0.6581694271911663,0.5419943685468531,0.8569620281257929,COMPLETE
408,0.6581694271911663,0.5846952400207264,0.8142218660686988,COMPLETE
409,0.6555124223602484,0.42741450264234165,0.9437228257308594,COMPLETE
410,0.6581694271911663,0.4616472790868099,0.09797123847139277,COMPLETE
411,0.6555124223602484,0.41494649964465036,0.8928725400970252,COMPLETE
412,0.6581694271911663,0.48254398928903963,0.7867597705603331,COMPLETE
413,0.6555124223602484,0.4406675968501443,0.8662114482118636,COMPLETE
414,0.6555124223602484,0.38951948333061215,0.8366482056930058,COMPLETE
415,0.658531746031746,0.46155683252728635,0.8169110573868905,COMPLETE
416,0.6581694271911663,0.5189687346871464,0.48364800699799826,COMPLETE
417,0.6555124223602484,0.43387955709712683,0.9851621109871349,COMPLETE
418,0.6555124223602484,0.3600555675818884,0.9060684853452672,COMPLETE
419,0.6581694271911663,0.4926627482857592,0.6451352894536664,COMPLETE
420,0.6555124223602484,0.41162179968535867,0.8795972578255957,COMPLETE
421,0.6581694271911663,0.4524756266842905,0.6017677146048733,COMPLETE
422,0.658531746031746,0.47000118929055573,0.8602657884228705,COMPLETE
423,0.6591356107660455,0.42970063427785926,0.8415352216730123,COMPLETE
424,0.6555124223602484,0.4220398920883532,0.8369534384510424,COMPLETE
425,0.6555124223602484,0.39865324746065056,0.8033622249899028,COMPLETE
426,0.6591356107660455,0.4358098686515155,0.8459073185940991,COMPLETE
427,0.6555124223602484,0.3813439106732242,0.850480132106975,COMPLETE
428,0.658531746031746,0.4371185211903699,0.8428389924703764,COMPLETE
429,0.6555124223602484,0.41717790038952995,0.8696333882487256,COMPLETE
430,0.658531746031746,0.44488370372562575,0.8259066448653488,COMPLETE
431,0.6555124223602484,0.4254442353587254,0.8531586933257528,COMPLETE
432,0.6555124223602484,0.39954946776331635,0.8801539560162387,COMPLETE
433,0.658531746031746,0.4505069560619654,0.8238179265361377,COMPLETE
434,0.6555124223602484,0.3770399563227159,0.8521502550256014,COMPLETE
435,0.658531746031746,0.4140532104294823,0.763542186862587,COMPLETE
436,0.658531746031746,0.46667231704325696,0.8706097763518835,COMPLETE
437,0.658531746031746,0.44115613434815476,0.7931316783960088,COMPLETE
438,0.6591356107660455,0.43087615562847426,0.8336605606300632,COMPLETE
439,0.6555124223602484,0.3944512537414639,0.8165845736647622,COMPLETE
440,0.6591356107660455,0.4245340975946303,0.8311146615148325,COMPLETE
441,0.6555124223602484,0.36130465642746884,0.8264572573333944,COMPLETE
442,0.6555124223602484,0.40850139964456494,0.8044710782669244,COMPLETE
443,0.658531746031746,0.42013961225719293,0.7776597037330135,COMPLETE
444,0.6218944099378882,0.0362622737039891,0.8392763787344434,COMPLETE
445,0.658531746031746,0.4339815855896763,0.8059339921953051,COMPLETE
446,0.6555124223602484,0.40157942968088445,0.8307725511030146,COMPLETE
447,0.6555124223602484,0.3781151592933812,0.8472899462727279,COMPLETE
448,0.658531746031746,0.4216619084301342,0.7862176786682766,COMPLETE
449,0.6555124223602484,0.4358565580853178,0.859460043664081,COMPLETE
450,0.6581694271911663,0.7042151512378855,0.7279646713828143,COMPLETE
451,0.658531746031746,0.4520352762210341,0.8226636392624043,COMPLETE
452,0.6555124223602484,0.4021428143079609,0.8089893038993654,COMPLETE
453,0.658531746031746,0.42969510387297344,0.748610612751629,COMPLETE
454,0.6591356107660455,0.4553462147279353,0.8880748699315941,COMPLETE
455,0.658531746031746,0.4602556099255814,0.888393207748068,COMPLETE
456,0.6555124223602484,0.41789541376451117,0.865308396610965,COMPLETE
457,0.6555124223602484,0.38844610810771935,0.8467439639750581,COMPLETE
458,0.6555124223602484,0.44524939781449435,0.8815558790534351,COMPLETE
459,0.6591356107660455,0.43130973887541474,0.836445638612085,COMPLETE
460,0.6581694271911663,0.9576280819825498,0.8281922395250206,COMPLETE
461,0.6591356107660455,0.41086556567261473,0.7943054246330731,COMPLETE
462,0.6555124223602484,0.3736122126822631,0.7689029364630167,COMPLETE
463,0.6555124223602484,0.39416110247265734,0.7894153010468445,COMPLETE
464,0.6581694271911663,0.7929699985528282,0.7980215829513596,COMPLETE
465,0.658531746031746,0.40754752490207075,0.7681700940765525,COMPLETE
466,0.6555124223602484,0.356852492652911,0.8155889006697901,COMPLETE
467,0.658531746031746,0.4230795098067382,0.7888947932778352,COMPLETE
468,0.6555124223602484,0.34027191269745427,0.7446772119634607,COMPLETE
469,0.6555124223602484,0.39242300644393474,0.8030807297696281,COMPLETE
470,0.658531746031746,0.4336371391964902,0.8310442196375288,COMPLETE
471,0.6555124223602484,0.409939598415229,0.8404227586496631,COMPLETE
472,0.658531746031746,0.4305178189155252,0.8119366936909735,COMPLETE
473,0.6555124223602484,0.3780687929439239,0.7612477908419129,COMPLETE
474,0.658531746031746,0.4579692193663175,0.792249694173633,COMPLETE
475,0.6555124223602484,0.4127304858581814,0.8439571487304727,COMPLETE
476,0.658531746031746,0.4471305983318061,0.8211297097013589,COMPLETE
477,0.6581694271911663,0.42813651980823003,0.04486330166651675,COMPLETE
478,0.6555124223602484,0.39689160063923484,0.861265209408268,COMPLETE
479,0.6581694271911663,0.47423035451178996,0.7745928959303856,COMPLETE
480,0.6555124223602484,0.4445185239800197,0.9001538575947544,COMPLETE
481,0.6581694271911663,0.4132178359768446,0.3602473908925795,COMPLETE
482,0.658531746031746,0.4587441210552313,0.8378528984013844,COMPLETE
483,0.658531746031746,0.4354971601461354,0.811020297338783,COMPLETE
484,0.6555124223602484,0.37942779570909896,0.8721192277989668,COMPLETE
485,0.6555124223602484,0.41400850722013693,0.8537822054634967,COMPLETE
486,0.658531746031746,0.47528869050382666,0.8284067653498274,COMPLETE
487,0.6555124223602484,0.4326888435646362,0.8877268392329526,COMPLETE
488,0.658531746031746,0.45225833060460524,0.7867135034740995,COMPLETE
489,0.6555124223602484,0.3952875331660338,0.8027206284203008,COMPLETE
490,0.6581694271911663,0.42341506198094603,0.7066221353751062,COMPLETE
491,0.658531746031746,0.47083106752299764,0.8452153307717987,COMPLETE
492,0.658531746031746,0.4480973797785641,0.8609393076319786,COMPLETE
493,0.6555124223602484,0.3637416831715894,0.8210098117175108,COMPLETE
494,0.6555124223602484,0.4080026387125995,0.9037634895620477,COMPLETE
495,0.6555124223602484,0.4330628375974072,0.8720462380196016,COMPLETE
496,0.658531746031746,0.4572195989534367,0.7776671349519683,COMPLETE
497,0.6555124223602484,0.39078776886774236,0.8339192762375921,COMPLETE
498,0.6581694271911663,0.4782502408014661,0.8013940274850824,COMPLETE
499,0.6555124223602484,0.41920480540626226,0.8793034091512255,COMPLETE
